  ProyectoFinal_Equipo8.cpp
C:\Users\marco\Documents\GitHub\Proyecto_Equipo8_CG2024-2\ProyectoFinal\modelAnim.h(104,44): warning C4244: '=': conversión de 'double' a 'float'; posible pérdida de datos
  (compilando archivo de origen "ProyectoFinal_Equipo8.cpp")
  
C:\Users\marco\Documents\GitHub\Proyecto_Equipo8_CG2024-2\ProyectoFinal\modelAnim.h(519,24): warning C4244: 'inicializando': conversión de 'double' a 'float'; posible pérdida de datos
  (compilando archivo de origen "ProyectoFinal_Equipo8.cpp")
  
C:\Users\marco\Documents\GitHub\Proyecto_Equipo8_CG2024-2\ProyectoFinal\ProyectoFinal_Equipo8.cpp(444,24): warning C4244: 'inicializando': conversión de 'double' a 'GLfloat'; posible pérdida de datos
C:\Users\marco\Documents\GitHub\Proyecto_Equipo8_CG2024-2\ProyectoFinal\ProyectoFinal_Equipo8.cpp(650,23): warning C4244: '=': conversión de 'double' a 'float'; posible pérdida de datos
C:\Users\marco\Documents\GitHub\Proyecto_Equipo8_CG2024-2\ProyectoFinal\ProyectoFinal_Equipo8.cpp(832,11): warning C4244: '=': conversión de 'double' a 'GLfloat'; posible pérdida de datos
C:\Users\marco\Documents\GitHub\Proyecto_Equipo8_CG2024-2\ProyectoFinal\ProyectoFinal_Equipo8.cpp(833,11): warning C4244: '=': conversión de 'double' a 'GLfloat'; posible pérdida de datos
C:\Users\marco\Documents\GitHub\Proyecto_Equipo8_CG2024-2\ProyectoFinal\ProyectoFinal_Equipo8.cpp(837,18): warning C4244: 'inicializando': conversión de 'double' a 'GLfloat'; posible pérdida de datos
C:\Users\marco\Documents\GitHub\Proyecto_Equipo8_CG2024-2\ProyectoFinal\ProyectoFinal_Equipo8.cpp(838,18): warning C4244: 'inicializando': conversión de 'double' a 'GLfloat'; posible pérdida de datos
C:\Users\marco\Documents\GitHub\Proyecto_Equipo8_CG2024-2\ProyectoFinal\ProyectoFinal_Equipo8.cpp(840,10): warning C4244: '=': conversión de 'double' a 'GLfloat'; posible pérdida de datos
C:\Users\marco\Documents\GitHub\Proyecto_Equipo8_CG2024-2\ProyectoFinal\ProyectoFinal_Equipo8.cpp(841,10): warning C4244: '=': conversión de 'double' a 'GLfloat'; posible pérdida de datos
soil2-debug.lib(SOIL2.obj) : warning LNK4075: se omite '/EDITANDCONTINUE' debido a la especificación '/OPT:ICF'
LINK : warning LNK4098: la biblioteca predeterminada'MSVCRTD' entra en conflicto con otras bibliotecas; use la biblioteca /NODEFAULTLIB:biblioteca
  Generando código
  1 of 696 functions ( 0.1%) were compiled, the rest were copied from previous compilation.
    0 functions were new in current compilation
    6 functions had inline decision re-evaluated but remain unchanged
  Generación de código finalizada
soil2-debug.lib(etc1_utils.obj) : warning LNK4099: no se encontró PDB '' con 'soil2-debug.lib(etc1_utils.obj)' o en ''; se vinculará el objeto sin tener en cuenta información de depuración
soil2-debug.lib(image_DXT.obj) : warning LNK4099: no se encontró PDB '' con 'soil2-debug.lib(image_DXT.obj)' o en ''; se vinculará el objeto sin tener en cuenta información de depuración
soil2-debug.lib(image_helper.obj) : warning LNK4099: no se encontró PDB '' con 'soil2-debug.lib(image_helper.obj)' o en ''; se vinculará el objeto sin tener en cuenta información de depuración
soil2-debug.lib(SOIL2.obj) : warning LNK4099: no se encontró PDB '' con 'soil2-debug.lib(SOIL2.obj)' o en ''; se vinculará el objeto sin tener en cuenta información de depuración
  ProyectoFinal.vcxproj -> C:\Users\marco\Documents\GitHub\Proyecto_Equipo8_CG2024-2\Release\ProyectoFinal.exe
