  ProyectoFinal_Equipo8.cpp
C:\Users\MaiEnScene\Desktop\ProyectoTEORIA\Proyecto_Equipo8_CG2024-2\ProyectoFinal\modelAnim.h(104,44): warning C4244: '=': conversión de 'double' a 'float'; posible pérdida de datos
  (compilando archivo de origen "ProyectoFinal_Equipo8.cpp")
  
C:\Users\MaiEnScene\Desktop\ProyectoTEORIA\Proyecto_Equipo8_CG2024-2\ProyectoFinal\modelAnim.h(519,24): warning C4244: 'inicializando': conversión de 'double' a 'float'; posible pérdida de datos
  (compilando archivo de origen "ProyectoFinal_Equipo8.cpp")
  
C:\Users\MaiEnScene\Desktop\ProyectoTEORIA\Proyecto_Equipo8_CG2024-2\ProyectoFinal\ProyectoFinal_Equipo8.cpp(490,24): warning C4244: 'inicializando': conversión de 'double' a 'GLfloat'; posible pérdida de datos
C:\Users\MaiEnScene\Desktop\ProyectoTEORIA\Proyecto_Equipo8_CG2024-2\ProyectoFinal\ProyectoFinal_Equipo8.cpp(719,17): warning C4305: '+=': truncamiento de 'double' a 'float'
C:\Users\MaiEnScene\Desktop\ProyectoTEORIA\Proyecto_Equipo8_CG2024-2\ProyectoFinal\ProyectoFinal_Equipo8.cpp(722,17): warning C4305: '-=': truncamiento de 'double' a 'float'
C:\Users\MaiEnScene\Desktop\ProyectoTEORIA\Proyecto_Equipo8_CG2024-2\ProyectoFinal\ProyectoFinal_Equipo8.cpp(741,23): warning C4244: '=': conversión de 'double' a 'float'; posible pérdida de datos
C:\Users\MaiEnScene\Desktop\ProyectoTEORIA\Proyecto_Equipo8_CG2024-2\ProyectoFinal\ProyectoFinal_Equipo8.cpp(829,31): warning C4244: '=': conversión de 'double' a 'float'; posible pérdida de datos
C:\Users\MaiEnScene\Desktop\ProyectoTEORIA\Proyecto_Equipo8_CG2024-2\ProyectoFinal\ProyectoFinal_Equipo8.cpp(846,31): warning C4244: '=': conversión de 'double' a 'float'; posible pérdida de datos
C:\Users\MaiEnScene\Desktop\ProyectoTEORIA\Proyecto_Equipo8_CG2024-2\ProyectoFinal\ProyectoFinal_Equipo8.cpp(1033,11): warning C4244: '=': conversión de 'double' a 'GLfloat'; posible pérdida de datos
C:\Users\MaiEnScene\Desktop\ProyectoTEORIA\Proyecto_Equipo8_CG2024-2\ProyectoFinal\ProyectoFinal_Equipo8.cpp(1034,11): warning C4244: '=': conversión de 'double' a 'GLfloat'; posible pérdida de datos
C:\Users\MaiEnScene\Desktop\ProyectoTEORIA\Proyecto_Equipo8_CG2024-2\ProyectoFinal\ProyectoFinal_Equipo8.cpp(1038,18): warning C4244: 'inicializando': conversión de 'double' a 'GLfloat'; posible pérdida de datos
C:\Users\MaiEnScene\Desktop\ProyectoTEORIA\Proyecto_Equipo8_CG2024-2\ProyectoFinal\ProyectoFinal_Equipo8.cpp(1039,18): warning C4244: 'inicializando': conversión de 'double' a 'GLfloat'; posible pérdida de datos
C:\Users\MaiEnScene\Desktop\ProyectoTEORIA\Proyecto_Equipo8_CG2024-2\ProyectoFinal\ProyectoFinal_Equipo8.cpp(1041,10): warning C4244: '=': conversión de 'double' a 'GLfloat'; posible pérdida de datos
C:\Users\MaiEnScene\Desktop\ProyectoTEORIA\Proyecto_Equipo8_CG2024-2\ProyectoFinal\ProyectoFinal_Equipo8.cpp(1042,10): warning C4244: '=': conversión de 'double' a 'GLfloat'; posible pérdida de datos
C:\Users\MaiEnScene\Desktop\ProyectoTEORIA\Proyecto_Equipo8_CG2024-2\ProyectoFinal\ProyectoFinal_Equipo8.cpp(1171,23): warning C4244: '=': conversión de 'double' a 'float'; posible pérdida de datos
C:\Users\MaiEnScene\Desktop\ProyectoTEORIA\Proyecto_Equipo8_CG2024-2\ProyectoFinal\ProyectoFinal_Equipo8.cpp(1177,27): warning C4244: '=': conversión de 'double' a 'float'; posible pérdida de datos
C:\Users\MaiEnScene\Desktop\ProyectoTEORIA\Proyecto_Equipo8_CG2024-2\ProyectoFinal\ProyectoFinal_Equipo8.cpp(1200,17): warning C4305: '+=': truncamiento de 'double' a 'float'
C:\Users\MaiEnScene\Desktop\ProyectoTEORIA\Proyecto_Equipo8_CG2024-2\ProyectoFinal\ProyectoFinal_Equipo8.cpp(1205,17): warning C4305: '-=': truncamiento de 'double' a 'float'
C:\Users\MaiEnScene\Desktop\ProyectoTEORIA\Proyecto_Equipo8_CG2024-2\ProyectoFinal\ProyectoFinal_Equipo8.cpp(1215,17): warning C4305: '+=': truncamiento de 'double' a 'float'
C:\Users\MaiEnScene\Desktop\ProyectoTEORIA\Proyecto_Equipo8_CG2024-2\ProyectoFinal\ProyectoFinal_Equipo8.cpp(1220,17): warning C4305: '-=': truncamiento de 'double' a 'float'
LINK : warning LNK4098: la biblioteca predeterminada'MSVCRT' entra en conflicto con otras bibliotecas; use la biblioteca /NODEFAULTLIB:biblioteca
soil2-debug.lib(etc1_utils.obj) : warning LNK4099: no se encontró PDB '' con 'soil2-debug.lib(etc1_utils.obj)' o en ''; se vinculará el objeto sin tener en cuenta información de depuración
soil2-debug.lib(image_DXT.obj) : warning LNK4099: no se encontró PDB '' con 'soil2-debug.lib(image_DXT.obj)' o en ''; se vinculará el objeto sin tener en cuenta información de depuración
soil2-debug.lib(image_helper.obj) : warning LNK4099: no se encontró PDB '' con 'soil2-debug.lib(image_helper.obj)' o en ''; se vinculará el objeto sin tener en cuenta información de depuración
soil2-debug.lib(SOIL2.obj) : warning LNK4099: no se encontró PDB '' con 'soil2-debug.lib(SOIL2.obj)' o en ''; se vinculará el objeto sin tener en cuenta información de depuración
  ProyectoFinal.vcxproj -> C:\Users\MaiEnScene\Desktop\ProyectoTEORIA\Proyecto_Equipo8_CG2024-2\Debug\ProyectoFinal.exe
